<?xml version="1.0" encoding="UTF-8"?>
<!-- Generated by org.testng.reporters.JUnitReportReporter -->
<testsuite hostname="DESKTOP-K3M37NN" failures="0" tests="3" name="com.gattitude.testCases.TC_02_SearchTest" time="20.526" errors="0" timestamp="2023-10-05T16:05:28 EDT" skipped="0">
  <testcase classname="com.gattitude.testCases.TC_02_SearchTest" name="searchItem" time="8.340"/>
  <system-out/>
  <testcase classname="com.gattitude.testCases.TC_02_SearchTest" name="searchItem" time="6.001"/>
  <system-out/>
  <testcase classname="com.gattitude.testCases.TC_02_SearchTest" name="searchItem" time="6.185"/>
  <system-out/>
</testsuite> <!-- com.gattitude.testCases.TC_02_SearchTest -->
