<?xml version="1.0" encoding="UTF-8"?>
<!-- Generated by org.testng.reporters.JUnitReportReporter -->
<testsuite hostname="DESKTOP-K3M37NN" failures="0" tests="2" name="com.gattitude.testCases.TC_02_SearchTest" time="15.528" errors="0" timestamp="2023-10-09T10:23:35 EDT" skipped="0">
  <testcase classname="com.gattitude.testCases.TC_02_SearchTest" name="searchItem" time="6.808"/>
  <system-out/>
  <testcase classname="com.gattitude.testCases.TC_02_SearchTest" name="searchItem" time="8.720"/>
  <system-out/>
</testsuite> <!-- com.gattitude.testCases.TC_02_SearchTest -->
