<?xml version="1.0" encoding="UTF-8"?>
<!-- Generated by org.testng.reporters.JUnitReportReporter -->
<testsuite hostname="DESKTOP-K3M37NN" failures="0" tests="2" name="com.gattitude.testCases.TC_01_LoginTest" time="16.671" errors="0" timestamp="2023-11-13T16:36:45 EST" skipped="0">
  <testcase classname="com.gattitude.testCases.TC_01_LoginTest" name="verifyLoginWithValidCreds" time="9.640"/>
  <system-out/>
  <testcase classname="com.gattitude.testCases.TC_01_LoginTest" name="verifyLoginWithInvalidCreds" time="7.031"/>
  <system-out/>
</testsuite> <!-- com.gattitude.testCases.TC_01_LoginTest -->
